Change Component Footprint: Designator=P18 Old Footprint=M.2 SMT-FEMALE - FULL New Footprint=F_24PIN
Change Component Comment : Designator=P18 Old Comment=M2x4.5x4.2 Í­Öù2.6H ÌùÆ¬ÂÝÄ¸ New Comment=Header 12X2
Change Component Designator: OldDesignator=J1 NewDesignator=J?
Change Component Designator: OldDesignator=P18 NewDesignator=P?
Add Component: Footprint Not Found R0402_M
Add Component: Footprint Not Found R0402_M
Added Pin To Net: NetName=1V8 Pin=J?-36
Added Net: Name=1V8
Added Pin To Net: NetName=5V Pin=J?-74
Added Net: Name=5V
Added Pin To Net: NetName=AP-RESET Pin=J?-2
Added Net: Name=AP-RESET
Added Pin To Net: NetName=CPUX-RX Pin=J?-58
Added Net: Name=CPUX-RX
Added Pin To Net: NetName=CPUX-TX Pin=J?-60
Added Net: Name=CPUX-TX
Added Pin To Net: NetName=GND Pin=J?-41
Added Pin To Net: NetName=GND Pin=J?-47
Added Pin To Net: NetName=GND Pin=J?-53
Added Pin To Net: NetName=GND Pin=J?-59
Added Net: Name=GND
Added Pin To Net: NetName=GPADC0 Pin=J?-67
Added Net: Name=GPADC0
Added Pin To Net: NetName=LCD_SPI_RST Pin=J?-68
Added Net: Name=LCD_SPI_RST
Added Pin To Net: NetName=LINEOUTP Pin=J?-65
Added Net: Name=LINEOUTP
Added Pin To Net: NetName=MCSI-CK_N Pin=J?-45
Added Net: Name=MCSI-CK_N
Added Pin To Net: NetName=MCSI-CK_P Pin=J?-43
Added Net: Name=MCSI-CK_P
Added Pin To Net: NetName=MCSI-D0_N Pin=J?-57
Added Net: Name=MCSI-D0_N
Added Pin To Net: NetName=MCSI-D0_P Pin=J?-55
Added Net: Name=MCSI-D0_P
Added Pin To Net: NetName=MCSI-D1_N Pin=J?-49
Added Net: Name=MCSI-D1_N
Added Pin To Net: NetName=MCSI-D1_P Pin=J?-51
Added Net: Name=MCSI-D1_P
Added Pin To Net: NetName=MCSI-MCLK Pin=J?-34
Added Net: Name=MCSI-MCLK
Added Pin To Net: NetName=MCSI-PWDN Pin=J?-26
Added Net: Name=MCSI-PWDN
Added Pin To Net: NetName=MCSI-RSTN Pin=J?-28
Added Net: Name=MCSI-RSTN
Added Pin To Net: NetName=MICIN1N Pin=J?-63
Added Net: Name=MICIN1N
Added Pin To Net: NetName=MICIN1P Pin=J?-61
Added Net: Name=MICIN1P
Added Pin To Net: NetName=PF0 Pin=J?-24
Added Net: Name=PF0
Added Pin To Net: NetName=PF1 Pin=J?-22
Added Net: Name=PF1
Added Pin To Net: NetName=PF2 Pin=J?-6
Added Net: Name=PF2
Added Pin To Net: NetName=PF3 Pin=J?-20
Added Net: Name=PF3
Added Pin To Net: NetName=PF4 Pin=J?-10
Added Net: Name=PF4
Added Pin To Net: NetName=PF5 Pin=J?-8
Added Net: Name=PF5
Added Pin To Net: NetName=PF6 Pin=J?-4
Added Net: Name=PF6
Added Pin To Net: NetName=PG0 Pin=J?-48
Added Net: Name=PG0
Added Pin To Net: NetName=PG1 Pin=J?-46
Added Net: Name=PG1
Added Pin To Net: NetName=PG2 Pin=J?-44
Added Net: Name=PG2
Added Pin To Net: NetName=PG3 Pin=J?-42
Added Net: Name=PG3
Added Pin To Net: NetName=PG4 Pin=J?-38
Added Net: Name=PG4
Added Pin To Net: NetName=PG5 Pin=J?-40
Added Net: Name=PG5
Added Pin To Net: NetName=PG6 Pin=J?-32
Added Net: Name=PG6
Added Pin To Net: NetName=PG7 Pin=J?-30
Added Net: Name=PG7
Added Pin To Net: NetName=PH0 Pin=J?-69
Added Net: Name=PH0
Added Pin To Net: NetName=PH1 Pin=J?-71
Added Net: Name=PH1
Added Pin To Net: NetName=PH2 Pin=J?-73
Added Net: Name=PH2
Added Pin To Net: NetName=PH3 Pin=J?-75
Added Net: Name=PH3
Added Pin To Net: NetName=PH4 Pin=J?-70
Added Net: Name=PH4
Added Pin To Net: NetName=PH6 Pin=J?-66
Added Net: Name=PH6
Added Pin To Net: NetName=PH7 Pin=J?-64
Added Net: Name=PH7
Added Pin To Net: NetName=PH8 Pin=J?-62
Added Net: Name=PH8
Added Pin To Net: NetName=PH11 Pin=J?-56
Added Net: Name=PH11
Added Pin To Net: NetName=PH12 Pin=J?-54
Added Net: Name=PH12
Added Pin To Net: NetName=PH13 Pin=J?-52
Added Net: Name=PH13
Added Pin To Net: NetName=PH14 Pin=J?-50
Added Net: Name=PH14
Added Pin To Net: NetName=PI1 Pin=J?-35
Added Net: Name=PI1
Added Pin To Net: NetName=PI2 Pin=J?-33
Added Net: Name=PI2
Added Pin To Net: NetName=USB0__N Pin=J?-37
Added Net: Name=USB0__N
Added Pin To Net: NetName=USB0__P Pin=J?-39
Added Net: Name=USB0__P
Added Net: Name=USB0_N
Added Net: Name=USB0_P
Added Pin To Net: NetName=V831_LCD_CLK Pin=J?-7
Added Net: Name=V831_LCD_CLK
Added Pin To Net: NetName=V831_LCD_D3 Pin=J?-31
Added Net: Name=V831_LCD_D3
Added Pin To Net: NetName=V831_LCD_D4 Pin=J?-29
Added Net: Name=V831_LCD_D4
Added Pin To Net: NetName=V831_LCD_D5 Pin=J?-27
Added Net: Name=V831_LCD_D5
Added Pin To Net: NetName=V831_LCD_D6 Pin=J?-25
Added Net: Name=V831_LCD_D6
Added Pin To Net: NetName=V831_LCD_D7 Pin=J?-23
Added Net: Name=V831_LCD_D7
Added Pin To Net: NetName=V831_LCD_D10 Pin=J?-21
Added Net: Name=V831_LCD_D10
Added Pin To Net: NetName=V831_LCD_D11 Pin=J?-11
Added Net: Name=V831_LCD_D11
Added Pin To Net: NetName=V831_LCD_D12 Pin=J?-9
Added Net: Name=V831_LCD_D12
Added Pin To Net: NetName=V831_LCD_DE Pin=J?-5
Added Net: Name=V831_LCD_DE
Added Pin To Net: NetName=V831_LCD_HSYNC Pin=J?-3
Added Net: Name=V831_LCD_HSYNC
Added Pin To Net: NetName=V831_LCD_VSYNC Pin=J?-1
Added Net: Name=V831_LCD_VSYNC
Added Differential Pair: Name=MCSI-CK
Added Differential Pair: Name=MCSI-D0
Added Differential Pair: Name=MCSI-D1
Added Differential Pair: Name=USB0_
Added Differential Pair: Name=USB0
Added Member To Class: ClassName=Sheet1 Member=Component J? NGFF-67P_B-KEY×ù×Ó 4.2H¸ß
Added Member To Class: ClassName=Sheet1 Member=Component P? Header 12X2
Add Class Member: Failed to add class member : Component R? 22R
Add Class Member: Failed to add class member : Component R? 22R
Added Room: Name=Sheet1
