Removed Pin From Net: NetName=GND Pin=P3-1
Removed Pin From Net: NetName=5V Pin=P3-2
Removed Pin From Net: NetName=PH6 Pin=P3-3
Removed Pin From Net: NetName=PH7 Pin=P3-4
Removed Pin From Net: NetName=PH8 Pin=P3-5
Removed Pin From Net: NetName=GPADC0 Pin=P3-6
Removed Pin From Net: NetName=PH0 Pin=P3-7
Removed Pin From Net: NetName=PH1 Pin=P3-8
Removed Pin From Net: NetName=PH2 Pin=P3-9
Removed Pin From Net: NetName=PH3 Pin=P3-10
Removed Member From Class: ClassName=Sheet1 Member=P3
Added Component: Designator=P?(FP-M22-2510205-MFG)
Add component (AddParameter): Name = "Automotive"; Value = "No"; VariantName = "[No Variations]"
Add component (AddParameter): Name = "Category"; Value = "Conn"; VariantName = "[No Variations]"
Add component (AddParameter): Name = "ComponentLink2Description"; Value = "Datasheet"; VariantName = "[No Variations]"
Add component (AddParameter): Name = "ComponentLink2URL"; Value = "https://cdn.harwin.com/pdfs/C018XX_M22_Series_Connectors.pdf"; VariantName = "[No Variations]"
Add component (AddParameter): Name = "Conn Gender"; Value = "Male"; VariantName = "[No Variations]"
Add component (AddParameter): Name = "Conn Orientation"; Value = "Vertical"; VariantName = "[No Variations]"
Add component (AddParameter): Name = "Contact Material"; Value = "Gold,Nickel"; VariantName = "[No Variations]"
Add component (AddParameter): Name = "Current Rating"; Value = "2A"; VariantName = "[No Variations]"
Add component (AddParameter): Name = "Device Class L1"; Value = "Connectors"; VariantName = "[No Variations]"
Add component (AddParameter): Name = "Device Class L2"; Value = "Headers and Wire Housings"; VariantName = "[No Variations]"
Add component (AddParameter): Name = "Device Class L3"; Value = "unset"; VariantName = "[No Variations]"
Add component (AddParameter): Name = "Digikey Description"; Value = "CONN HEADER VERT 2POS 2MM"; VariantName = "[No Variations]"
Add component (AddParameter): Name = "Footprint Url"; Value = "https://cdn.harwin.com/pdfs/M22-251.pdf"; VariantName = "[No Variations]"
Add component (AddParameter): Name = "Height"; Value = "5.45mm"; VariantName = "[No Variations]"
Add component (AddParameter): Name = "Lead Free"; Value = "Yes"; VariantName = "[No Variations]"
Add component (AddParameter): Name = "Manufacturer"; Value = "Harwin"; VariantName = "[No Variations]"
Add component (AddParameter): Name = "Manufacturer Part Number"; Value = "M22-2510205"; VariantName = "[No Variations]"
Add component (AddParameter): Name = "Mouser Description"; Value = "Headers & Wire Housings 2 PIN SIL VERTICAL GOLD PIN HEADER"; VariantName = "[No Variations]"
Add component (AddParameter): Name = "Number Of Contacts"; Value = "2"; VariantName = "[No Variations]"
Add component (AddParameter): Name = "Number Of Rows"; Value = "1"; VariantName = "[No Variations]"
Add component (AddParameter): Name = "Octopart"; Value = "https://octopart.com/m22-2510205-harwin-2538221"; VariantName = "[No Variations]"
Add component (AddParameter): Name = "Package"; Value = "0"; VariantName = "[No Variations]"
Add component (AddParameter): Name = "Pitch"; Value = "2mm"; VariantName = "[No Variations]"
Add component (AddParameter): Name = "RoHS"; Value = "TRUE"; VariantName = "[No Variations]"
Add component (AddParameter): Name = "Temperature"; Value = "-40°„C to +105°„C"; VariantName = "[No Variations]"
Add component (AddParameter): Name = "Temperature Range High"; Value = "+105°„C"; VariantName = "[No Variations]"
Add component (AddParameter): Name = "Temperature Range Low"; Value = "-40°„C"; VariantName = "[No Variations]"
Added Pin To Net: NetName=5V Pin=P?-1
Added Pin To Net: NetName=GND Pin=P?-2
Added Member To Class: ClassName=Sheet1 Member=Component P? HEADER 2.54
Added Room: Name=Sheet1
