Added Pin To Net: NetName=GND Pin=J1-1
Added Pin To Net: NetName=V831_LCD_VSYNC Pin=J2-1
Added Pin To Net: NetName=AP-RESET Pin=J2-2
Added Pin To Net: NetName=V831_LCD_HSYNC Pin=J2-3
Added Pin To Net: NetName=PF6 Pin=J2-4
Added Pin To Net: NetName=V831_LCD_DE Pin=J2-5
Added Pin To Net: NetName=PF2 Pin=J2-6
Added Pin To Net: NetName=V831_LCD_CLK Pin=J2-7
Added Pin To Net: NetName=PF5 Pin=J2-8
Added Pin To Net: NetName=V831_LCD_D12 Pin=J2-9
Added Pin To Net: NetName=PF4 Pin=J2-10
Added Pin To Net: NetName=V831_LCD_D11 Pin=J2-11
Added Pin To Net: NetName=PF3 Pin=J2-20
Added Pin To Net: NetName=V831_LCD_D10 Pin=J2-21
Added Pin To Net: NetName=PF1 Pin=J2-22
Added Pin To Net: NetName=V831_LCD_D7 Pin=J2-23
Added Pin To Net: NetName=PF0 Pin=J2-24
Added Pin To Net: NetName=V831_LCD_D6 Pin=J2-25
Added Pin To Net: NetName=MCSI-PWDN Pin=J2-26
Added Pin To Net: NetName=V831_LCD_D5 Pin=J2-27
Added Pin To Net: NetName=MCSI-RSTN Pin=J2-28
Added Pin To Net: NetName=V831_LCD_D4 Pin=J2-29
Added Pin To Net: NetName=PG7 Pin=J2-30
Added Pin To Net: NetName=V831_LCD_D3 Pin=J2-31
Added Pin To Net: NetName=PG6 Pin=J2-32
Added Pin To Net: NetName=PI2 Pin=J2-33
Added Pin To Net: NetName=MCSI-MCLK Pin=J2-34
Added Pin To Net: NetName=PI1 Pin=J2-35
Added Pin To Net: NetName=1V8 Pin=J2-36
Added Pin To Net: NetName=USB0__N Pin=J2-37
Added Pin To Net: NetName=PG4 Pin=J2-38
Added Pin To Net: NetName=USB0__P Pin=J2-39
Added Pin To Net: NetName=PG5 Pin=J2-40
Added Pin To Net: NetName=GND Pin=J2-41
Added Pin To Net: NetName=PG3 Pin=J2-42
Added Pin To Net: NetName=MCSI-CK_P Pin=J2-43
Added Pin To Net: NetName=PG2 Pin=J2-44
Added Pin To Net: NetName=MCSI-CK_N Pin=J2-45
Added Pin To Net: NetName=PG1 Pin=J2-46
Added Pin To Net: NetName=GND Pin=J2-47
Added Pin To Net: NetName=PG0 Pin=J2-48
Added Pin To Net: NetName=MCSI-D1_N Pin=J2-49
Added Pin To Net: NetName=PH14 Pin=J2-50
Added Pin To Net: NetName=MCSI-D1_P Pin=J2-51
Added Pin To Net: NetName=PH13 Pin=J2-52
Added Pin To Net: NetName=GND Pin=J2-53
Added Pin To Net: NetName=PH12 Pin=J2-54
Added Pin To Net: NetName=MCSI-D0_P Pin=J2-55
Added Pin To Net: NetName=PH11 Pin=J2-56
Added Pin To Net: NetName=MCSI-D0_N Pin=J2-57
Added Pin To Net: NetName=CPUX-RX Pin=J2-58
Added Pin To Net: NetName=GND Pin=J2-59
Added Pin To Net: NetName=CPUX-TX Pin=J2-60
Added Pin To Net: NetName=MICIN1P Pin=J2-61
Added Pin To Net: NetName=PH8 Pin=J2-62
Added Pin To Net: NetName=MICIN1N Pin=J2-63
Added Pin To Net: NetName=PH7 Pin=J2-64
Added Pin To Net: NetName=LINEOUTP Pin=J2-65
Added Pin To Net: NetName=PH6 Pin=J2-66
Added Pin To Net: NetName=GPADC0 Pin=J2-67
Added Pin To Net: NetName=LCD_SPI_RST Pin=J2-68
Added Pin To Net: NetName=PH0 Pin=J2-69
Added Pin To Net: NetName=PH4 Pin=J2-70
Added Pin To Net: NetName=PH1 Pin=J2-71
Added Pin To Net: NetName=PH2 Pin=J2-73
Added Pin To Net: NetName=5V Pin=J2-74
Added Pin To Net: NetName=PH3 Pin=J2-75
Added Member To Class: ClassName=Sheet1 Member=Component J1 Socket
Added Member To Class: ClassName=Sheet1 Member=Component J2 NGFF-67P_B-KEY×ù×Ó 4.2H¸ß
Added Room: Name=Sheet1
