Add Component: Footprint Not Found CAP 0402_1005
Add Component: Footprint Not Found CAP 0402_1005
Add Component: Footprint Not Found CAP 0402_1005
Add Component: Footprint Not Found CAP 0402_1005
Add Component: Footprint Not Found CAP 0402_1005
Add Component: Footprint Not Found LED 0402_1005 GREEN
Add Component: Footprint Not Found LED 0402_1005 RED
Added Component: Designator=J1(M.2 SMT-FEMALE - FULL)
Add component (AddParameter): Name = "LatestRevisionDate"; Value = "17-Jul-2002"; VariantName = "[No Variations]"
Add component (AddParameter): Name = "LatestRevisionNote"; Value = "Re-released for DXP Platform."; VariantName = "[No Variations]"
Add component (AddParameter): Name = "Publisher"; Value = "Altium Limited"; VariantName = "[No Variations]"
Added Component: Designator=J2(M2-67P0R50_B_FEMALE)
Added Component: Designator=J3(HRO_TYPE-C-31-M-12)
Add component (AddParameter): Name = "Availability"; Value = "Unavailable"; VariantName = "[No Variations]"
Add component (AddParameter): Name = "MF"; Value = "{'manufacturer': u'HRO Electronics Co., Ltd.'}"; VariantName = "[No Variations]"
Add component (AddParameter): Name = "MP"; Value = "TYPE-C-31-M-12"; VariantName = "[No Variations]"
Add component (AddParameter): Name = "Package"; Value = "None"; VariantName = "[No Variations]"
Add component (AddParameter): Name = "Price"; Value = "None"; VariantName = "[No Variations]"
Add component (AddParameter): Name = "Value"; Value = ""; VariantName = "[No Variations]"
Added Component: Designator=P1(F_24PIN)
Add component (AddParameter): Name = "LatestRevisionDate"; Value = "17-Jul-2002"; VariantName = "[No Variations]"
Add component (AddParameter): Name = "LatestRevisionNote"; Value = "Re-released for DXP Platform."; VariantName = "[No Variations]"
Add component (AddParameter): Name = "Publisher"; Value = "Altium Limited"; VariantName = "[No Variations]"
Added Component: Designator=P2(FP-61301011121-MFG)
Add component (AddParameter): Name = "Color"; Value = "Black"; VariantName = "[No Variations]"
Add component (AddParameter): Name = "Connector Type"; Value = "Header"; VariantName = "[No Variations]"
Add component (AddParameter): Name = "Contact Finish - Mating"; Value = "GOLD"; VariantName = "[No Variations]"
Add component (AddParameter): Name = "Contact Gender"; Value = "Male"; VariantName = "[No Variations]"
Add component (AddParameter): Name = "Contact Material"; Value = "Copper Alloy"; VariantName = "[No Variations]"
Add component (AddParameter): Name = "Contact Mating Length"; Value = "0.236inch"; VariantName = "[No Variations]"
Add component (AddParameter): Name = "Contact Plating"; Value = "Gold"; VariantName = "[No Variations]"
Add component (AddParameter): Name = "Contact Shape"; Value = "Square"; VariantName = "[No Variations]"
Add component (AddParameter): Name = "Contact Type"; Value = "Male Pin"; VariantName = "[No Variations]"
Add component (AddParameter): Name = "Current Rating"; Value = "3A"; VariantName = "[No Variations]"
Add component (AddParameter): Name = "Fastening Type"; Value = "Pull"; VariantName = "[No Variations]"
Add component (AddParameter): Name = "Flammability Rating"; Value = "UL94 V-0"; VariantName = "[No Variations]"
Add component (AddParameter): Name = "Gender"; Value = "Male"; VariantName = "[No Variations]"
Add component (AddParameter): Name = "Height"; Value = "11.54mm"; VariantName = "[No Variations]"
Add component (AddParameter): Name = "Housing Material"; Value = "PBT"; VariantName = "[No Variations]"
Add component (AddParameter): Name = "Insulation Color"; Value = "Black"; VariantName = "[No Variations]"
Add component (AddParameter): Name = "Insulation Material"; Value = "Nylon"; VariantName = "[No Variations]"
Add component (AddParameter): Name = "Insulation Resistance"; Value = "1GR"; VariantName = "[No Variations]"
Add component (AddParameter): Name = "Length"; Value = "2.54mm"; VariantName = "[No Variations]"
Add component (AddParameter): Name = "Max Operating Temperature"; Value = "105°„C"; VariantName = "[No Variations]"
Add component (AddParameter): Name = "Min Operating Temperature"; Value = "-40°„C"; VariantName = "[No Variations]"
Add component (AddParameter): Name = "Mount"; Value = "Through Hole"; VariantName = "[No Variations]"
Add component (AddParameter): Name = "Number of Contacts"; Value = "10"; VariantName = "[No Variations]"
Add component (AddParameter): Name = "Number of Positions"; Value = "10"; VariantName = "[No Variations]"
Add component (AddParameter): Name = "Number of Rows"; Value = "1"; VariantName = "[No Variations]"
Add component (AddParameter): Name = "Orientation"; Value = "Straight"; VariantName = "[No Variations]"
Add component (AddParameter): Name = "Package Quantity"; Value = "1000"; VariantName = "[No Variations]"
Add component (AddParameter): Name = "Packaging"; Value = "Bulk"; VariantName = "[No Variations]"
Add component (AddParameter): Name = "Pitch"; Value = "2.54mm"; VariantName = "[No Variations]"
Add component (AddParameter): Name = "RoHS Compliant"; Value = "Yes"; VariantName = "[No Variations]"
Add component (AddParameter): Name = "Series"; Value = "WR-PHD"; VariantName = "[No Variations]"
Add component (AddParameter): Name = "Termination"; Value = "Solder"; VariantName = "[No Variations]"
Add component (AddParameter): Name = "Voltage Rating"; Value = "250V"; VariantName = "[No Variations]"
Add component (AddParameter): Name = "Width"; Value = "25.4mm"; VariantName = "[No Variations]"
Added Component: Designator=P3(FP-TSW-102-07-L-S-MFG)
Add component (AddParameter): Name = "Color"; Value = "Black"; VariantName = "[No Variations]"
Add component (AddParameter): Name = "Connector Type"; Value = "Male Pin"; VariantName = "[No Variations]"
Add component (AddParameter): Name = "Contact Material"; Value = "Bronze"; VariantName = "[No Variations]"
Add component (AddParameter): Name = "Contact Mating Length"; Value = "0.23inch"; VariantName = "[No Variations]"
Add component (AddParameter): Name = "Contact Plating"; Value = "Gold"; VariantName = "[No Variations]"
Add component (AddParameter): Name = "Contact Type"; Value = "Male Pin"; VariantName = "[No Variations]"
Add component (AddParameter): Name = "Current Rating"; Value = "7.6A"; VariantName = "[No Variations]"
Add component (AddParameter): Name = "Depth"; Value = "2.54mm"; VariantName = "[No Variations]"
Add component (AddParameter): Name = "Gender"; Value = "Male"; VariantName = "[No Variations]"
Add component (AddParameter): Name = "Housing Color"; Value = "Black"; VariantName = "[No Variations]"
Add component (AddParameter): Name = "Housing Material"; Value = "Polyester"; VariantName = "[No Variations]"
Add component (AddParameter): Name = "Lead Free"; Value = "Lead Free"; VariantName = "[No Variations]"
Add component (AddParameter): Name = "Length"; Value = "5.08mm"; VariantName = "[No Variations]"
Add component (AddParameter): Name = "Max Current Rating"; Value = "7.6A"; VariantName = "[No Variations]"
Add component (AddParameter): Name = "Max Operating Temperature"; Value = "125°„C"; VariantName = "[No Variations]"
Add component (AddParameter): Name = "Max Voltage Rating (AC)"; Value = "550V"; VariantName = "[No Variations]"
Add component (AddParameter): Name = "Min Operating Temperature"; Value = "-55°„C"; VariantName = "[No Variations]"
Add component (AddParameter): Name = "Mount"; Value = "Through Hole"; VariantName = "[No Variations]"
Add component (AddParameter): Name = "Number of Contacts"; Value = "2"; VariantName = "[No Variations]"
Add component (AddParameter): Name = "Number of Positions"; Value = "2"; VariantName = "[No Variations]"
Add component (AddParameter): Name = "Number of Rows"; Value = "1"; VariantName = "[No Variations]"
Add component (AddParameter): Name = "Orientation"; Value = "Straight"; VariantName = "[No Variations]"
Add component (AddParameter): Name = "Package Quantity"; Value = "1"; VariantName = "[No Variations]"
Add component (AddParameter): Name = "Packaging"; Value = "Bulk"; VariantName = "[No Variations]"
Add component (AddParameter): Name = "Pitch"; Value = "2.54mm"; VariantName = "[No Variations]"
Add component (AddParameter): Name = "Radiation Hardening"; Value = "No"; VariantName = "[No Variations]"
Add component (AddParameter): Name = "REACH SVHC"; Value = "No SVHC"; VariantName = "[No Variations]"
Add component (AddParameter): Name = "RoHS Compliant"; Value = "Yes"; VariantName = "[No Variations]"
Add component (AddParameter): Name = "Series"; Value = "TSW"; VariantName = "[No Variations]"
Add component (AddParameter): Name = "Termination"; Value = "Solder"; VariantName = "[No Variations]"
Add component (AddParameter): Name = "Voltage Rating"; Value = "550V"; VariantName = "[No Variations]"
Add component (AddParameter): Name = "Width"; Value = "2.54mm"; VariantName = "[No Variations]"
Added Component: Designator=Q1(FP-S-03946-IPC_B)
Add component (AddParameter): Name = "Case/Package"; Value = "SOT-23"; VariantName = "[No Variations]"
Add component (AddParameter): Name = "Continuous Drain Current (ID)"; Value = "2.6A"; VariantName = "[No Variations]"
Add component (AddParameter): Name = "Drain to Source Resistance"; Value = "57mR"; VariantName = "[No Variations]"
Add component (AddParameter): Name = "Drain to Source Voltage (Vdss)"; Value = "20V"; VariantName = "[No Variations]"
Add component (AddParameter): Name = "Fall Time"; Value = "7ns"; VariantName = "[No Variations]"
Add component (AddParameter): Name = "Gate to Source Voltage (Vgs)"; Value = "8V"; VariantName = "[No Variations]"
Add component (AddParameter): Name = "Lead Free"; Value = "Lead Free"; VariantName = "[No Variations]"
Add component (AddParameter): Name = "Max Operating Temperature"; Value = "150°„C"; VariantName = "[No Variations]"
Add component (AddParameter): Name = "Max Power Dissipation"; Value = "710mW"; VariantName = "[No Variations]"
Add component (AddParameter): Name = "Min Operating Temperature"; Value = "-55°„C"; VariantName = "[No Variations]"
Add component (AddParameter): Name = "Mount"; Value = "Surface Mount"; VariantName = "[No Variations]"
Add component (AddParameter): Name = "Number of Channels"; Value = "1"; VariantName = "[No Variations]"
Add component (AddParameter): Name = "Number of Elements"; Value = "1"; VariantName = "[No Variations]"
Add component (AddParameter): Name = "Number of Pins"; Value = "3"; VariantName = "[No Variations]"
Add component (AddParameter): Name = "Package Quantity"; Value = "3000"; VariantName = "[No Variations]"
Add component (AddParameter): Name = "Packaging"; Value = "Tape and Reel"; VariantName = "[No Variations]"
Add component (AddParameter): Name = "Power Dissipation"; Value = "710mW"; VariantName = "[No Variations]"
Add component (AddParameter): Name = "REACH SVHC"; Value = "No SVHC"; VariantName = "[No Variations]"
Add component (AddParameter): Name = "Rise Time"; Value = "7ns"; VariantName = "[No Variations]"
Add component (AddParameter): Name = "RoHS Compliant"; Value = "Yes"; VariantName = "[No Variations]"
Add component (AddParameter): Name = "Turn-Off Delay Time"; Value = "30ns"; VariantName = "[No Variations]"
Add component (AddParameter): Name = "Turn-On Delay Time"; Value = "8ns"; VariantName = "[No Variations]"
Add component (AddParameter): Name = "Weight"; Value = "0.050717oz"; VariantName = "[No Variations]"
Add Component: Footprint Not Found RES 0402_1005
Add Component: Footprint Not Found RES 0402_1005
Add Component: Footprint Not Found RES 0402_1005
Add Component: Footprint Not Found RES 0402_1005
Add Component: Footprint Not Found RES 0402_1005
Add Component: Footprint Not Found RES 0402_1005
Add Component: Footprint Not Found RES 0402_1005
Add Component: Footprint Not Found RES 0402_1005
Add Component: Footprint Not Found RES 0402_1005
Add Component: Footprint Not Found RES 0402_1005
Add Component: Footprint Not Found RES 0402_1005
Added Component: Designator=TF CARD(TF-01A)
Add component (AddParameter): Name = "Availability"; Value = "Unavailable"; VariantName = "[No Variations]"
Add component (AddParameter): Name = "MF"; Value = "{'manufacturer': u'HRO Electronics Co., Ltd.'}"; VariantName = "[No Variations]"
Add component (AddParameter): Name = "MP"; Value = "TF-01A"; VariantName = "[No Variations]"
Add component (AddParameter): Name = "Package"; Value = "None"; VariantName = "[No Variations]"
Add component (AddParameter): Name = "Price"; Value = "None"; VariantName = "[No Variations]"
Add component (AddParameter): Name = "Value"; Value = ""; VariantName = "[No Variations]"
Added Component: Designator=U1(SMD-4_L3.1-W2.0-P1.3-BR)
Add component (AddParameter): Name = "Availability"; Value = "Warning"; VariantName = "[No Variations]"
Add component (AddParameter): Name = "Check_prices"; Value = "https://www.snapeda.com/parts/GP1S196HCZ0F/Sharp%20Microelectronics/view-part/2699849/?ref=eda"; VariantName = "[No Variations]"
Add component (AddParameter): Name = "MF"; Value = "Sharp Microelectronics"; VariantName = "[No Variations]"
Add component (AddParameter): Name = "MP"; Value = "GP1S196HCZ0F"; VariantName = "[No Variations]"
Add component (AddParameter): Name = "Package"; Value = "PCB Mount Sharp"; VariantName = "[No Variations]"
Add component (AddParameter): Name = "Price"; Value = "None"; VariantName = "[No Variations]"
Add component (AddParameter): Name = "Purchase-URL"; Value = "https://pricing.snapeda.com/search/part/GP1S196HCZ0F/?ref=eda"; VariantName = "[No Variations]"
Add component (AddParameter): Name = "SnapEDA_Link"; Value = "https://www.snapeda.com/parts/GP1S196HCZ0F/Sharp%20Microelectronics/view-part/2699849/?ref=snap"; VariantName = "[No Variations]"
Add component (AddParameter): Name = "Value"; Value = ""; VariantName = "[No Variations]"
Added Component: Designator=U2(SMD-4_L3.1-W2.0-P1.3-BR)
Add component (AddParameter): Name = "Availability"; Value = "Warning"; VariantName = "[No Variations]"
Add component (AddParameter): Name = "Check_prices"; Value = "https://www.snapeda.com/parts/GP1S196HCZ0F/Sharp%20Microelectronics/view-part/2699849/?ref=eda"; VariantName = "[No Variations]"
Add component (AddParameter): Name = "MF"; Value = "Sharp Microelectronics"; VariantName = "[No Variations]"
Add component (AddParameter): Name = "MP"; Value = "GP1S196HCZ0F"; VariantName = "[No Variations]"
Add component (AddParameter): Name = "Package"; Value = "PCB Mount Sharp"; VariantName = "[No Variations]"
Add component (AddParameter): Name = "Price"; Value = "None"; VariantName = "[No Variations]"
Add component (AddParameter): Name = "Purchase-URL"; Value = "https://pricing.snapeda.com/search/part/GP1S196HCZ0F/?ref=eda"; VariantName = "[No Variations]"
Add component (AddParameter): Name = "SnapEDA_Link"; Value = "https://www.snapeda.com/parts/GP1S196HCZ0F/Sharp%20Microelectronics/view-part/2699849/?ref=snap"; VariantName = "[No Variations]"
Add component (AddParameter): Name = "Value"; Value = ""; VariantName = "[No Variations]"
Added Component: Designator=U3(SOT229P700X180-4N)
Add component (AddParameter): Name = "Availability"; Value = "Unavailable"; VariantName = "[No Variations]"
Add component (AddParameter): Name = "MF"; Value = "{'manufacturer': u'Advanced Monolithic Systems'}"; VariantName = "[No Variations]"
Add component (AddParameter): Name = "MP"; Value = "AMS1117"; VariantName = "[No Variations]"
Add component (AddParameter): Name = "Package"; Value = "None"; VariantName = "[No Variations]"
Add component (AddParameter): Name = "Price"; Value = "None"; VariantName = "[No Variations]"
Add component (AddParameter): Name = "Value"; Value = ""; VariantName = "[No Variations]"
Added Component: Designator=U4(SOT229P700X180-4N)
Add component (AddParameter): Name = "Availability"; Value = "Unavailable"; VariantName = "[No Variations]"
Add component (AddParameter): Name = "MF"; Value = "{'manufacturer': u'Advanced Monolithic Systems'}"; VariantName = "[No Variations]"
Add component (AddParameter): Name = "MP"; Value = "AMS1117"; VariantName = "[No Variations]"
Add component (AddParameter): Name = "Package"; Value = "None"; VariantName = "[No Variations]"
Add component (AddParameter): Name = "Price"; Value = "None"; VariantName = "[No Variations]"
Add component (AddParameter): Name = "Value"; Value = ""; VariantName = "[No Variations]"
Added Pin To Net: NetName=1V8 Pin=J2-36
Added Pin To Net: NetName=1V8 Pin=P1-1
Added Pin To Net: NetName=1V8 Pin=Q1-1
Added Pin To Net: NetName=1V8 Pin=U3-2
Added Pin To Net: NetName=1V8 Pin=U3-4
Added Net: Name=1V8
Added Pin To Net: NetName=3V3 Pin=P1-24
Added Pin To Net: NetName=3V3 Pin=TF CARD-4
Added Pin To Net: NetName=3V3 Pin=U3-3
Added Pin To Net: NetName=3V3 Pin=U4-2
Added Pin To Net: NetName=3V3 Pin=U4-4
Added Net: Name=3V3
Added Pin To Net: NetName=5V Pin=J2-74
Added Pin To Net: NetName=5V Pin=J3-A4B9
Added Pin To Net: NetName=5V Pin=J3-B4A9
Added Pin To Net: NetName=5V Pin=P3-1
Added Pin To Net: NetName=5V Pin=U4-3
Added Net: Name=5V
Added Pin To Net: NetName=AP-RESET Pin=J2-2
Added Pin To Net: NetName=AP-RESET Pin=Q1-2
Added Net: Name=AP-RESET
Added Pin To Net: NetName=CC1_1 Pin=J3-A5
Added Net: Name=CC1_1
Added Pin To Net: NetName=CC2_1 Pin=J3-B5
Added Net: Name=CC2_1
Added Pin To Net: NetName=CPUX-RX Pin=J2-58
Added Pin To Net: NetName=CPUX-RX Pin=P2-9
Added Net: Name=CPUX-RX
Added Pin To Net: NetName=CPUX-TX Pin=J2-60
Added Net: Name=CPUX-TX
Added Pin To Net: NetName=GND Pin=J1-1
Added Pin To Net: NetName=GND Pin=J2-41
Added Pin To Net: NetName=GND Pin=J2-47
Added Pin To Net: NetName=GND Pin=J2-53
Added Pin To Net: NetName=GND Pin=J2-59
Added Pin To Net: NetName=GND Pin=J3-A1B12
Added Pin To Net: NetName=GND Pin=J3-B1A12
Added Pin To Net: NetName=GND Pin=J3-S1
Added Pin To Net: NetName=GND Pin=J3-S2
Added Pin To Net: NetName=GND Pin=J3-S3
Added Pin To Net: NetName=GND Pin=J3-S4
Added Pin To Net: NetName=GND Pin=P1-6
Added Pin To Net: NetName=GND Pin=P1-9
Added Pin To Net: NetName=GND Pin=P1-12
Added Pin To Net: NetName=GND Pin=P1-14
Added Pin To Net: NetName=GND Pin=P1-17
Added Pin To Net: NetName=GND Pin=P1-20
Added Pin To Net: NetName=GND Pin=P1-23
Added Pin To Net: NetName=GND Pin=P3-2
Added Pin To Net: NetName=GND Pin=TF CARD-6
Added Pin To Net: NetName=GND Pin=TF CARD-MP1
Added Pin To Net: NetName=GND Pin=TF CARD-MP2
Added Pin To Net: NetName=GND Pin=TF CARD-MP3
Added Pin To Net: NetName=GND Pin=TF CARD-MP4
Added Pin To Net: NetName=GND Pin=U3-1
Added Pin To Net: NetName=GND Pin=U4-1
Added Net: Name=GND
Added Pin To Net: NetName=GPADC0 Pin=J2-67
Added Net: Name=GPADC0
Added Pin To Net: NetName=LCD_SPI_RST Pin=J2-68
Added Net: Name=LCD_SPI_RST
Added Pin To Net: NetName=LINEOUTP Pin=J2-65
Added Net: Name=LINEOUTP
Added Pin To Net: NetName=MCSI-CK_N Pin=J2-45
Added Pin To Net: NetName=MCSI-CK_N Pin=P1-16
Added Net: Name=MCSI-CK_N
Added Pin To Net: NetName=MCSI-CK_P Pin=J2-43
Added Pin To Net: NetName=MCSI-CK_P Pin=P1-15
Added Net: Name=MCSI-CK_P
Added Pin To Net: NetName=MCSI-D0_N Pin=J2-57
Added Pin To Net: NetName=MCSI-D0_N Pin=P1-22
Added Net: Name=MCSI-D0_N
Added Pin To Net: NetName=MCSI-D0_P Pin=J2-55
Added Pin To Net: NetName=MCSI-D0_P Pin=P1-21
Added Net: Name=MCSI-D0_P
Added Pin To Net: NetName=MCSI-D1_N Pin=J2-49
Added Pin To Net: NetName=MCSI-D1_N Pin=P1-18
Added Net: Name=MCSI-D1_N
Added Pin To Net: NetName=MCSI-D1_P Pin=J2-51
Added Pin To Net: NetName=MCSI-D1_P Pin=P1-19
Added Net: Name=MCSI-D1_P
Added Pin To Net: NetName=MCSI-MCLK Pin=J2-34
Added Pin To Net: NetName=MCSI-MCLK Pin=P1-13
Added Net: Name=MCSI-MCLK
Added Pin To Net: NetName=MCSI-PWDN Pin=J2-26
Added Pin To Net: NetName=MCSI-PWDN Pin=P1-2
Added Net: Name=MCSI-PWDN
Added Pin To Net: NetName=MCSI-RSTN Pin=J2-28
Added Pin To Net: NetName=MCSI-RSTN Pin=P1-3
Added Net: Name=MCSI-RSTN
Added Pin To Net: NetName=MICIN1N Pin=J2-63
Added Net: Name=MICIN1N
Added Pin To Net: NetName=MICIN1P Pin=J2-61
Added Net: Name=MICIN1P
Added Net: Name=NetD1_2
Added Net: Name=NetD2_2
Added Pin To Net: NetName=PF0 Pin=J2-24
Added Pin To Net: NetName=PF0 Pin=TF CARD-8
Added Net: Name=PF0
Added Pin To Net: NetName=PF1 Pin=J2-22
Added Pin To Net: NetName=PF1 Pin=TF CARD-7
Added Net: Name=PF1
Added Pin To Net: NetName=PF2 Pin=J2-6
Added Pin To Net: NetName=PF2 Pin=TF CARD-5
Added Net: Name=PF2
Added Pin To Net: NetName=PF3 Pin=J2-20
Added Pin To Net: NetName=PF3 Pin=TF CARD-3
Added Net: Name=PF3
Added Pin To Net: NetName=PF4 Pin=J2-10
Added Pin To Net: NetName=PF4 Pin=TF CARD-2
Added Net: Name=PF4
Added Pin To Net: NetName=PF5 Pin=J2-8
Added Pin To Net: NetName=PF5 Pin=TF CARD-1
Added Net: Name=PF5
Added Pin To Net: NetName=PF6 Pin=J2-4
Added Pin To Net: NetName=PF6 Pin=P2-1
Added Net: Name=PF6
Added Pin To Net: NetName=PG0 Pin=J2-48
Added Net: Name=PG0
Added Pin To Net: NetName=PG1 Pin=J2-46
Added Net: Name=PG1
Added Pin To Net: NetName=PG2 Pin=J2-44
Added Net: Name=PG2
Added Pin To Net: NetName=PG3 Pin=J2-42
Added Net: Name=PG3
Added Pin To Net: NetName=PG4 Pin=J2-38
Added Net: Name=PG4
Added Pin To Net: NetName=PG5 Pin=J2-40
Added Net: Name=PG5
Added Pin To Net: NetName=PG6 Pin=J2-32
Added Pin To Net: NetName=PG6 Pin=P2-4
Added Net: Name=PG6
Added Pin To Net: NetName=PG7 Pin=J2-30
Added Pin To Net: NetName=PG7 Pin=P2-3
Added Net: Name=PG7
Added Pin To Net: NetName=PH0 Pin=J2-69
Added Net: Name=PH0
Added Pin To Net: NetName=PH1 Pin=J2-71
Added Net: Name=PH1
Added Pin To Net: NetName=PH2 Pin=J2-73
Added Net: Name=PH2
Added Pin To Net: NetName=PH3 Pin=J2-75
Added Net: Name=PH3
Added Pin To Net: NetName=PH4 Pin=J2-70
Added Net: Name=PH4
Added Pin To Net: NetName=PH6 Pin=J2-66
Added Net: Name=PH6
Added Pin To Net: NetName=PH7 Pin=J2-64
Added Net: Name=PH7
Added Pin To Net: NetName=PH8 Pin=J2-62
Added Net: Name=PH8
Added Pin To Net: NetName=PH11 Pin=J2-56
Added Pin To Net: NetName=PH11 Pin=P2-6
Added Net: Name=PH11
Added Pin To Net: NetName=PH12 Pin=J2-54
Added Pin To Net: NetName=PH12 Pin=P2-5
Added Net: Name=PH12
Added Pin To Net: NetName=PH13 Pin=J2-52
Added Pin To Net: NetName=PH13 Pin=P2-8
Added Net: Name=PH13
Added Pin To Net: NetName=PH14 Pin=J2-50
Added Pin To Net: NetName=PH14 Pin=P2-7
Added Net: Name=PH14
Added Pin To Net: NetName=PI1 Pin=J2-35
Added Pin To Net: NetName=PI1 Pin=P1-4
Added Net: Name=PI1
Added Pin To Net: NetName=PI2 Pin=J2-33
Added Pin To Net: NetName=PI2 Pin=P1-5
Added Net: Name=PI2
Added Pin To Net: NetName=RST Pin=P2-2
Added Pin To Net: NetName=RST Pin=Q1-3
Added Net: Name=RST
Added Pin To Net: NetName=UART0_TX Pin=P2-10
Added Net: Name=UART0_TX
Added Pin To Net: NetName=USB0__N Pin=J2-37
Added Net: Name=USB0__N
Added Pin To Net: NetName=USB0__P Pin=J2-39
Added Net: Name=USB0__P
Added Pin To Net: NetName=USB0_N Pin=J3-A7
Added Pin To Net: NetName=USB0_N Pin=J3-B7
Added Net: Name=USB0_N
Added Pin To Net: NetName=USB0_P Pin=J3-A6
Added Pin To Net: NetName=USB0_P Pin=J3-B6
Added Net: Name=USB0_P
Added Pin To Net: NetName=V831_LCD_CLK Pin=J2-7
Added Net: Name=V831_LCD_CLK
Added Pin To Net: NetName=V831_LCD_D3 Pin=J2-31
Added Net: Name=V831_LCD_D3
Added Pin To Net: NetName=V831_LCD_D4 Pin=J2-29
Added Net: Name=V831_LCD_D4
Added Pin To Net: NetName=V831_LCD_D5 Pin=J2-27
Added Net: Name=V831_LCD_D5
Added Pin To Net: NetName=V831_LCD_D6 Pin=J2-25
Added Net: Name=V831_LCD_D6
Added Pin To Net: NetName=V831_LCD_D7 Pin=J2-23
Added Net: Name=V831_LCD_D7
Added Pin To Net: NetName=V831_LCD_D10 Pin=J2-21
Added Net: Name=V831_LCD_D10
Added Pin To Net: NetName=V831_LCD_D11 Pin=J2-11
Added Net: Name=V831_LCD_D11
Added Pin To Net: NetName=V831_LCD_D12 Pin=J2-9
Added Net: Name=V831_LCD_D12
Added Pin To Net: NetName=V831_LCD_DE Pin=J2-5
Added Net: Name=V831_LCD_DE
Added Pin To Net: NetName=V831_LCD_HSYNC Pin=J2-3
Added Net: Name=V831_LCD_HSYNC
Added Pin To Net: NetName=V831_LCD_VSYNC Pin=J2-1
Added Net: Name=V831_LCD_VSYNC
Added Class: Name=Sheet1
Added Differential Pair: Name=MCSI-CK
Added Differential Pair: Name=MCSI-D0
Added Differential Pair: Name=MCSI-D1
Added Differential Pair: Name=USB0_
Added Differential Pair: Name=USB0
Added Room: Name=Sheet1
