Removed Pin From Net: NetName=PF6 Pin=P2-1
Removed Pin From Net: NetName=RST Pin=P2-2
Removed Pin From Net: NetName=PG7 Pin=P2-3
Removed Pin From Net: NetName=PG6 Pin=P2-4
Removed Pin From Net: NetName=PH12 Pin=P2-5
Removed Pin From Net: NetName=PH11 Pin=P2-6
Removed Pin From Net: NetName=PH14 Pin=P2-7
Removed Pin From Net: NetName=PH13 Pin=P2-8
Removed Pin From Net: NetName=CPUX-RX Pin=P2-9
Removed Pin From Net: NetName=UART0_TX Pin=P2-10
Removed Pin From Net: NetName=5V Pin=P3-1
Removed Pin From Net: NetName=GND Pin=P3-2
Removed Member From Class: ClassName=Sheet1 Member=P2
Removed Member From Class: ClassName=Sheet1 Member=U1
Removed Member From Class: ClassName=Sheet1 Member=U2
Change Footprint: Cannot match pads with new footprint in component :U3 Footprint:SOT89-3
Added Component: Designator=P3(61300611121)
Add component (AddParameter): Name = "Contact Resistance"; Value = "20mOhm"; VariantName = "[No Variations]"
Add component (AddParameter): Name = "Datasheet URL"; Value = "https://katalog.we-online.de/em/datasheet/6130xx11121.pdf"; VariantName = "[No Variations]"
Add component (AddParameter): Name = "Gender"; Value = "Male"; VariantName = "[No Variations]"
Add component (AddParameter): Name = "Manufacturer"; Value = "Wurth Elektronik"; VariantName = "[No Variations]"
Add component (AddParameter): Name = "Manufacturer URL"; Value = "http://www.we-online.de"; VariantName = "[No Variations]"
Add component (AddParameter): Name = "Mounting Technology"; Value = "THT"; VariantName = "[No Variations]"
Add component (AddParameter): Name = "Operating Temperature"; Value = "-40to105degC"; VariantName = "[No Variations]"
Add component (AddParameter): Name = "Orientation"; Value = "Vertical"; VariantName = "[No Variations]"
Add component (AddParameter): Name = "Package Reference"; Value = "61300611121"; VariantName = "[No Variations]"
Add component (AddParameter): Name = "Packaging"; Value = "Bag"; VariantName = "[No Variations]"
Add component (AddParameter): Name = "Part Number"; Value = "61300611121"; VariantName = "[No Variations]"
Add component (AddParameter): Name = "Pin Number"; Value = "6"; VariantName = "[No Variations]"
Add component (AddParameter): Name = "Pitch"; Value = "2.54mm"; VariantName = "[No Variations]"
Add component (AddParameter): Name = "Publisher"; Value = "WurthElektronik"; VariantName = "[No Variations]"
Add component (AddParameter): Name = "Rated Current"; Value = "3A"; VariantName = "[No Variations]"
Add component (AddParameter): Name = "Row Number"; Value = "Single"; VariantName = "[No Variations]"
Add component (AddParameter): Name = "Withstanding Voltage"; Value = "500VAC"; VariantName = "[No Variations]"
Add component (AddParameter): Name = "Working Voltage"; Value = "250VAC"; VariantName = "[No Variations]"
Added Component: Designator=P4(61300611121)
Add component (AddParameter): Name = "Contact Resistance"; Value = "20mOhm"; VariantName = "[No Variations]"
Add component (AddParameter): Name = "Datasheet URL"; Value = "https://katalog.we-online.de/em/datasheet/6130xx11121.pdf"; VariantName = "[No Variations]"
Add component (AddParameter): Name = "Gender"; Value = "Male"; VariantName = "[No Variations]"
Add component (AddParameter): Name = "Manufacturer"; Value = "Wurth Elektronik"; VariantName = "[No Variations]"
Add component (AddParameter): Name = "Manufacturer URL"; Value = "http://www.we-online.de"; VariantName = "[No Variations]"
Add component (AddParameter): Name = "Mounting Technology"; Value = "THT"; VariantName = "[No Variations]"
Add component (AddParameter): Name = "Operating Temperature"; Value = "-40to105degC"; VariantName = "[No Variations]"
Add component (AddParameter): Name = "Orientation"; Value = "Vertical"; VariantName = "[No Variations]"
Add component (AddParameter): Name = "Package Reference"; Value = "61300611121"; VariantName = "[No Variations]"
Add component (AddParameter): Name = "Packaging"; Value = "Bag"; VariantName = "[No Variations]"
Add component (AddParameter): Name = "Part Number"; Value = "61300611121"; VariantName = "[No Variations]"
Add component (AddParameter): Name = "Pin Number"; Value = "6"; VariantName = "[No Variations]"
Add component (AddParameter): Name = "Pitch"; Value = "2.54mm"; VariantName = "[No Variations]"
Add component (AddParameter): Name = "Publisher"; Value = "WurthElektronik"; VariantName = "[No Variations]"
Add component (AddParameter): Name = "Rated Current"; Value = "3A"; VariantName = "[No Variations]"
Add component (AddParameter): Name = "Row Number"; Value = "Single"; VariantName = "[No Variations]"
Add component (AddParameter): Name = "Withstanding Voltage"; Value = "500VAC"; VariantName = "[No Variations]"
Add component (AddParameter): Name = "Working Voltage"; Value = "250VAC"; VariantName = "[No Variations]"
Added Pin To Net: NetName=5V Pin=P3-1
Added Pin To Net: NetName=GND Pin=P3-2
Added Pin To Net: NetName=PF6 Pin=P3-3
Added Pin To Net: NetName=RST Pin=P3-4
Added Pin To Net: NetName=PG7 Pin=P3-5
Added Pin To Net: NetName=PG6 Pin=P3-6
Added Pin To Net: NetName=PH12 Pin=P4-1
Added Pin To Net: NetName=PH11 Pin=P4-2
Added Pin To Net: NetName=PH14 Pin=P4-3
Added Pin To Net: NetName=PH13 Pin=P4-4
Added Pin To Net: NetName=CPUX-RX Pin=P4-5
Added Pin To Net: NetName=UART0_TX Pin=P4-6
Added Pin To Net: NetName=PF6 Pin=TF CARD-CD1
Added Member To Class: ClassName=Sheet1 Member=Component P4 61300611121
Added Room: Name=Sheet1
